2022-04-26 18:13:48,956 INFO org.springframework.boot.StartupInfoLogger [main] Starting DemoApplication using Java 17.0.1 on worker01 with PID 2290620 (/home/viswanth/Desktop/demo/target/classes started by viswanth in /home/viswanth/Desktop/demo)
2022-04-26 18:13:48,960 INFO org.springframework.boot.SpringApplication [main] No active profile set, falling back to 1 default profile: "default"
2022-04-26 18:13:49,923 INFO org.springframework.boot.web.embedded.tomcat.TomcatWebServer [main] Tomcat initialized with port(s): 8080 (http)
2022-04-26 18:13:49,935 INFO org.apache.juli.logging.DirectJDKLog [main] Initializing ProtocolHandler ["http-nio-8080"]
2022-04-26 18:13:49,935 INFO org.apache.juli.logging.DirectJDKLog [main] Starting service [Tomcat]
2022-04-26 18:13:49,936 INFO org.apache.juli.logging.DirectJDKLog [main] Starting Servlet engine: [Apache Tomcat/9.0.62]
2022-04-26 18:13:50,028 INFO org.apache.juli.logging.DirectJDKLog [main] Initializing Spring embedded WebApplicationContext
2022-04-26 18:13:50,028 INFO org.springframework.boot.web.servlet.context.ServletWebServerApplicationContext [main] Root WebApplicationContext: initialization completed in 1007 ms
2022-04-26 18:13:50,398 INFO org.apache.juli.logging.DirectJDKLog [main] Starting ProtocolHandler ["http-nio-8080"]
2022-04-26 18:13:50,421 INFO org.springframework.boot.web.embedded.tomcat.TomcatWebServer [main] Tomcat started on port(s): 8080 (http) with context path ''
2022-04-26 18:13:50,433 INFO org.springframework.boot.StartupInfoLogger [main] Started DemoApplication in 2.016 seconds (JVM running for 2.411)
2022-04-26 18:16:08,266 INFO org.springframework.boot.StartupInfoLogger [main] Starting DemoApplication using Java 17.0.1 on worker01 with PID 2294169 (/home/viswanth/Desktop/demo/target/classes started by viswanth in /home/viswanth/Desktop/demo)
2022-04-26 18:16:08,271 INFO org.springframework.boot.SpringApplication [main] No active profile set, falling back to 1 default profile: "default"
2022-04-26 18:16:09,177 INFO org.springframework.boot.web.embedded.tomcat.TomcatWebServer [main] Tomcat initialized with port(s): 8080 (http)
2022-04-26 18:16:09,189 INFO org.apache.juli.logging.DirectJDKLog [main] Initializing ProtocolHandler ["http-nio-8080"]
2022-04-26 18:16:09,190 INFO org.apache.juli.logging.DirectJDKLog [main] Starting service [Tomcat]
2022-04-26 18:16:09,191 INFO org.apache.juli.logging.DirectJDKLog [main] Starting Servlet engine: [Apache Tomcat/9.0.62]
2022-04-26 18:16:09,275 INFO org.apache.juli.logging.DirectJDKLog [main] Initializing Spring embedded WebApplicationContext
2022-04-26 18:16:09,276 INFO org.springframework.boot.web.servlet.context.ServletWebServerApplicationContext [main] Root WebApplicationContext: initialization completed in 951 ms
2022-04-26 18:16:09,621 INFO org.apache.juli.logging.DirectJDKLog [main] Starting ProtocolHandler ["http-nio-8080"]
2022-04-26 18:16:09,640 INFO org.springframework.boot.web.embedded.tomcat.TomcatWebServer [main] Tomcat started on port(s): 8080 (http) with context path ''
2022-04-26 18:16:09,650 INFO org.springframework.boot.StartupInfoLogger [main] Started DemoApplication in 1.892 seconds (JVM running for 2.266)
2022-04-26 18:21:39,558 INFO org.springframework.boot.StartupInfoLogger [main] Starting DemoApplication using Java 17.0.1 on worker01 with PID 2303524 (/home/viswanth/Desktop/demo/target/classes started by viswanth in /home/viswanth/Desktop/demo)
2022-04-26 18:21:39,562 INFO org.springframework.boot.SpringApplication [main] No active profile set, falling back to 1 default profile: "default"
2022-04-26 18:21:40,388 INFO org.springframework.boot.web.embedded.tomcat.TomcatWebServer [main] Tomcat initialized with port(s): 8080 (http)
2022-04-26 18:21:40,403 INFO org.apache.juli.logging.DirectJDKLog [main] Initializing ProtocolHandler ["http-nio-8080"]
2022-04-26 18:21:40,405 INFO org.apache.juli.logging.DirectJDKLog [main] Starting service [Tomcat]
2022-04-26 18:21:40,406 INFO org.apache.juli.logging.DirectJDKLog [main] Starting Servlet engine: [Apache Tomcat/9.0.62]
2022-04-26 18:21:40,489 INFO org.apache.juli.logging.DirectJDKLog [main] Initializing Spring embedded WebApplicationContext
2022-04-26 18:21:40,489 INFO org.springframework.boot.web.servlet.context.ServletWebServerApplicationContext [main] Root WebApplicationContext: initialization completed in 876 ms
2022-04-26 18:21:40,812 INFO org.apache.juli.logging.DirectJDKLog [main] Starting ProtocolHandler ["http-nio-8080"]
2022-04-26 18:21:40,834 INFO org.springframework.boot.web.embedded.tomcat.TomcatWebServer [main] Tomcat started on port(s): 8080 (http) with context path ''
2022-04-26 18:21:40,844 INFO org.springframework.boot.StartupInfoLogger [main] Started DemoApplication in 1.591 seconds (JVM running for 2.066)
2022-04-26 18:27:58,216 INFO org.springframework.test.context.support.AbstractTestContextBootstrapper [main] Neither @ContextConfiguration nor @ContextHierarchy found for test class [com.example.demo.DemoApplicationTests], using SpringBootContextLoader
2022-04-26 18:27:58,221 INFO org.springframework.test.context.support.AbstractContextLoader [main] Could not detect default resource locations for test class [com.example.demo.DemoApplicationTests]: no resource found for suffixes {-context.xml, Context.groovy}.
2022-04-26 18:27:58,221 INFO org.springframework.test.context.support.AnnotationConfigContextLoaderUtils [main] Could not detect default configuration classes for test class [com.example.demo.DemoApplicationTests]: DemoApplicationTests does not declare any static, non-private, non-final, nested classes annotated with @Configuration.
2022-04-26 18:27:58,282 INFO org.springframework.boot.test.context.SpringBootTestContextBootstrapper [main] Found @SpringBootConfiguration com.example.demo.DemoApplication for test class com.example.demo.DemoApplicationTests
2022-04-26 18:27:58,341 INFO org.springframework.test.context.support.AbstractTestContextBootstrapper [main] Loaded default TestExecutionListener class names from location [META-INF/spring.factories]: [org.springframework.boot.test.mock.mockito.MockitoTestExecutionListener, org.springframework.boot.test.mock.mockito.ResetMocksTestExecutionListener, org.springframework.boot.test.autoconfigure.restdocs.RestDocsTestExecutionListener, org.springframework.boot.test.autoconfigure.web.client.MockRestServiceServerResetTestExecutionListener, org.springframework.boot.test.autoconfigure.web.servlet.MockMvcPrintOnlyOnFailureTestExecutionListener, org.springframework.boot.test.autoconfigure.web.servlet.WebDriverTestExecutionListener, org.springframework.boot.test.autoconfigure.webservices.client.MockWebServiceServerTestExecutionListener, org.springframework.test.context.web.ServletTestExecutionListener, org.springframework.test.context.support.DirtiesContextBeforeModesTestExecutionListener, org.springframework.test.context.event.ApplicationEventsTestExecutionListener, org.springframework.test.context.support.DependencyInjectionTestExecutionListener, org.springframework.test.context.support.DirtiesContextTestExecutionListener, org.springframework.test.context.transaction.TransactionalTestExecutionListener, org.springframework.test.context.jdbc.SqlScriptsTestExecutionListener, org.springframework.test.context.event.EventPublishingTestExecutionListener]
2022-04-26 18:27:58,350 INFO org.springframework.test.context.support.AbstractTestContextBootstrapper [main] Using TestExecutionListeners: [org.springframework.test.context.web.ServletTestExecutionListener@7203c7ff, org.springframework.test.context.support.DirtiesContextBeforeModesTestExecutionListener@25bfcafd, org.springframework.test.context.event.ApplicationEventsTestExecutionListener@4b6690c0, org.springframework.boot.test.mock.mockito.MockitoTestExecutionListener@46268f08, org.springframework.boot.test.autoconfigure.SpringBootDependencyInjectionTestExecutionListener@2a76840c, org.springframework.test.context.support.DirtiesContextTestExecutionListener@71454b9d, org.springframework.test.context.event.EventPublishingTestExecutionListener@eda25e5, org.springframework.boot.test.mock.mockito.ResetMocksTestExecutionListener@7cf6a5f9, org.springframework.boot.test.autoconfigure.restdocs.RestDocsTestExecutionListener@623e088f, org.springframework.boot.test.autoconfigure.web.client.MockRestServiceServerResetTestExecutionListener@39fcbef6, org.springframework.boot.test.autoconfigure.web.servlet.MockMvcPrintOnlyOnFailureTestExecutionListener@66565121, org.springframework.boot.test.autoconfigure.web.servlet.WebDriverTestExecutionListener@2fc6f97f, org.springframework.boot.test.autoconfigure.webservices.client.MockWebServiceServerTestExecutionListener@3d2ee678]
2022-04-26 18:27:58,591 INFO org.springframework.boot.StartupInfoLogger [main] Starting DemoApplicationTests using Java 17.0.1 on worker01 with PID 2315908 (started by viswanth in /home/viswanth/Desktop/demo)
2022-04-26 18:27:58,593 INFO org.springframework.boot.SpringApplication [main] No active profile set, falling back to 1 default profile: "default"
2022-04-26 18:27:59,705 INFO org.springframework.boot.StartupInfoLogger [main] Started DemoApplicationTests in 1.323 seconds (JVM running for 2.015)
2022-04-26 18:30:42,530 INFO org.springframework.test.context.support.AbstractTestContextBootstrapper [main] Neither @ContextConfiguration nor @ContextHierarchy found for test class [com.example.demo.DemoApplicationTests], using SpringBootContextLoader
2022-04-26 18:30:42,537 INFO org.springframework.test.context.support.AbstractContextLoader [main] Could not detect default resource locations for test class [com.example.demo.DemoApplicationTests]: no resource found for suffixes {-context.xml, Context.groovy}.
2022-04-26 18:30:42,538 INFO org.springframework.test.context.support.AnnotationConfigContextLoaderUtils [main] Could not detect default configuration classes for test class [com.example.demo.DemoApplicationTests]: DemoApplicationTests does not declare any static, non-private, non-final, nested classes annotated with @Configuration.
2022-04-26 18:30:42,619 INFO org.springframework.boot.test.context.SpringBootTestContextBootstrapper [main] Found @SpringBootConfiguration com.example.demo.DemoApplication for test class com.example.demo.DemoApplicationTests
2022-04-26 18:30:42,693 INFO org.springframework.test.context.support.AbstractTestContextBootstrapper [main] Loaded default TestExecutionListener class names from location [META-INF/spring.factories]: [org.springframework.boot.test.mock.mockito.MockitoTestExecutionListener, org.springframework.boot.test.mock.mockito.ResetMocksTestExecutionListener, org.springframework.boot.test.autoconfigure.restdocs.RestDocsTestExecutionListener, org.springframework.boot.test.autoconfigure.web.client.MockRestServiceServerResetTestExecutionListener, org.springframework.boot.test.autoconfigure.web.servlet.MockMvcPrintOnlyOnFailureTestExecutionListener, org.springframework.boot.test.autoconfigure.web.servlet.WebDriverTestExecutionListener, org.springframework.boot.test.autoconfigure.webservices.client.MockWebServiceServerTestExecutionListener, org.springframework.test.context.web.ServletTestExecutionListener, org.springframework.test.context.support.DirtiesContextBeforeModesTestExecutionListener, org.springframework.test.context.event.ApplicationEventsTestExecutionListener, org.springframework.test.context.support.DependencyInjectionTestExecutionListener, org.springframework.test.context.support.DirtiesContextTestExecutionListener, org.springframework.test.context.transaction.TransactionalTestExecutionListener, org.springframework.test.context.jdbc.SqlScriptsTestExecutionListener, org.springframework.test.context.event.EventPublishingTestExecutionListener]
2022-04-26 18:30:42,704 INFO org.springframework.test.context.support.AbstractTestContextBootstrapper [main] Using TestExecutionListeners: [org.springframework.test.context.web.ServletTestExecutionListener@7203c7ff, org.springframework.test.context.support.DirtiesContextBeforeModesTestExecutionListener@25bfcafd, org.springframework.test.context.event.ApplicationEventsTestExecutionListener@4b6690c0, org.springframework.boot.test.mock.mockito.MockitoTestExecutionListener@46268f08, org.springframework.boot.test.autoconfigure.SpringBootDependencyInjectionTestExecutionListener@2a76840c, org.springframework.test.context.support.DirtiesContextTestExecutionListener@71454b9d, org.springframework.test.context.event.EventPublishingTestExecutionListener@eda25e5, org.springframework.boot.test.mock.mockito.ResetMocksTestExecutionListener@7cf6a5f9, org.springframework.boot.test.autoconfigure.restdocs.RestDocsTestExecutionListener@623e088f, org.springframework.boot.test.autoconfigure.web.client.MockRestServiceServerResetTestExecutionListener@39fcbef6, org.springframework.boot.test.autoconfigure.web.servlet.MockMvcPrintOnlyOnFailureTestExecutionListener@66565121, org.springframework.boot.test.autoconfigure.web.servlet.WebDriverTestExecutionListener@2fc6f97f, org.springframework.boot.test.autoconfigure.webservices.client.MockWebServiceServerTestExecutionListener@3d2ee678]
2022-04-26 18:30:42,940 INFO org.springframework.boot.StartupInfoLogger [main] Starting DemoApplicationTests using Java 17.0.1 on worker01 with PID 2321214 (started by viswanth in /home/viswanth/Desktop/demo)
2022-04-26 18:30:42,941 INFO org.springframework.boot.SpringApplication [main] No active profile set, falling back to 1 default profile: "default"
2022-04-26 18:30:43,955 INFO org.springframework.boot.StartupInfoLogger [main] Started DemoApplicationTests in 1.218 seconds (JVM running for 1.985)
2022-04-26 18:35:07,146 INFO org.springframework.test.context.support.AbstractTestContextBootstrapper [main] Neither @ContextConfiguration nor @ContextHierarchy found for test class [com.example.demo.DemoApplicationTests], using SpringBootContextLoader
2022-04-26 18:35:07,150 INFO org.springframework.test.context.support.AbstractContextLoader [main] Could not detect default resource locations for test class [com.example.demo.DemoApplicationTests]: no resource found for suffixes {-context.xml, Context.groovy}.
2022-04-26 18:35:07,151 INFO org.springframework.test.context.support.AnnotationConfigContextLoaderUtils [main] Could not detect default configuration classes for test class [com.example.demo.DemoApplicationTests]: DemoApplicationTests does not declare any static, non-private, non-final, nested classes annotated with @Configuration.
2022-04-26 18:35:07,223 INFO org.springframework.boot.test.context.SpringBootTestContextBootstrapper [main] Found @SpringBootConfiguration com.example.demo.DemoApplication for test class com.example.demo.DemoApplicationTests
2022-04-26 18:35:07,304 INFO org.springframework.test.context.support.AbstractTestContextBootstrapper [main] Loaded default TestExecutionListener class names from location [META-INF/spring.factories]: [org.springframework.boot.test.mock.mockito.MockitoTestExecutionListener, org.springframework.boot.test.mock.mockito.ResetMocksTestExecutionListener, org.springframework.boot.test.autoconfigure.restdocs.RestDocsTestExecutionListener, org.springframework.boot.test.autoconfigure.web.client.MockRestServiceServerResetTestExecutionListener, org.springframework.boot.test.autoconfigure.web.servlet.MockMvcPrintOnlyOnFailureTestExecutionListener, org.springframework.boot.test.autoconfigure.web.servlet.WebDriverTestExecutionListener, org.springframework.boot.test.autoconfigure.webservices.client.MockWebServiceServerTestExecutionListener, org.springframework.test.context.web.ServletTestExecutionListener, org.springframework.test.context.support.DirtiesContextBeforeModesTestExecutionListener, org.springframework.test.context.event.ApplicationEventsTestExecutionListener, org.springframework.test.context.support.DependencyInjectionTestExecutionListener, org.springframework.test.context.support.DirtiesContextTestExecutionListener, org.springframework.test.context.transaction.TransactionalTestExecutionListener, org.springframework.test.context.jdbc.SqlScriptsTestExecutionListener, org.springframework.test.context.event.EventPublishingTestExecutionListener]
2022-04-26 18:35:07,315 INFO org.springframework.test.context.support.AbstractTestContextBootstrapper [main] Using TestExecutionListeners: [org.springframework.test.context.web.ServletTestExecutionListener@7a1a3478, org.springframework.test.context.support.DirtiesContextBeforeModesTestExecutionListener@495b0487, org.springframework.test.context.event.ApplicationEventsTestExecutionListener@55dfcc6, org.springframework.boot.test.mock.mockito.MockitoTestExecutionListener@222eb8aa, org.springframework.boot.test.autoconfigure.SpringBootDependencyInjectionTestExecutionListener@93cf163, org.springframework.test.context.support.DirtiesContextTestExecutionListener@1852a3ff, org.springframework.test.context.event.EventPublishingTestExecutionListener@7203c7ff, org.springframework.boot.test.mock.mockito.ResetMocksTestExecutionListener@25bfcafd, org.springframework.boot.test.autoconfigure.restdocs.RestDocsTestExecutionListener@4b6690c0, org.springframework.boot.test.autoconfigure.web.client.MockRestServiceServerResetTestExecutionListener@46268f08, org.springframework.boot.test.autoconfigure.web.servlet.MockMvcPrintOnlyOnFailureTestExecutionListener@2a76840c, org.springframework.boot.test.autoconfigure.web.servlet.WebDriverTestExecutionListener@71454b9d, org.springframework.boot.test.autoconfigure.webservices.client.MockWebServiceServerTestExecutionListener@eda25e5]
2022-04-26 18:35:07,563 INFO org.springframework.boot.StartupInfoLogger [main] Starting DemoApplicationTests using Java 17.0.1 on worker01 with PID 2329398 (started by viswanth in /home/viswanth/Desktop/demo)
2022-04-26 18:35:07,564 INFO org.springframework.boot.SpringApplication [main] No active profile set, falling back to 1 default profile: "default"
2022-04-26 18:35:08,605 INFO org.springframework.boot.StartupInfoLogger [main] Started DemoApplicationTests in 1.258 seconds (JVM running for 2.052)
2022-04-26 18:35:41,727 INFO org.springframework.test.context.support.AbstractTestContextBootstrapper [main] Neither @ContextConfiguration nor @ContextHierarchy found for test class [com.example.demo.DemoApplicationTests], using SpringBootContextLoader
2022-04-26 18:35:41,731 INFO org.springframework.test.context.support.AbstractContextLoader [main] Could not detect default resource locations for test class [com.example.demo.DemoApplicationTests]: no resource found for suffixes {-context.xml, Context.groovy}.
2022-04-26 18:35:41,732 INFO org.springframework.test.context.support.AnnotationConfigContextLoaderUtils [main] Could not detect default configuration classes for test class [com.example.demo.DemoApplicationTests]: DemoApplicationTests does not declare any static, non-private, non-final, nested classes annotated with @Configuration.
2022-04-26 18:35:41,814 INFO org.springframework.boot.test.context.SpringBootTestContextBootstrapper [main] Found @SpringBootConfiguration com.example.demo.DemoApplication for test class com.example.demo.DemoApplicationTests
2022-04-26 18:35:41,889 INFO org.springframework.test.context.support.AbstractTestContextBootstrapper [main] Loaded default TestExecutionListener class names from location [META-INF/spring.factories]: [org.springframework.boot.test.mock.mockito.MockitoTestExecutionListener, org.springframework.boot.test.mock.mockito.ResetMocksTestExecutionListener, org.springframework.boot.test.autoconfigure.restdocs.RestDocsTestExecutionListener, org.springframework.boot.test.autoconfigure.web.client.MockRestServiceServerResetTestExecutionListener, org.springframework.boot.test.autoconfigure.web.servlet.MockMvcPrintOnlyOnFailureTestExecutionListener, org.springframework.boot.test.autoconfigure.web.servlet.WebDriverTestExecutionListener, org.springframework.boot.test.autoconfigure.webservices.client.MockWebServiceServerTestExecutionListener, org.springframework.test.context.web.ServletTestExecutionListener, org.springframework.test.context.support.DirtiesContextBeforeModesTestExecutionListener, org.springframework.test.context.event.ApplicationEventsTestExecutionListener, org.springframework.test.context.support.DependencyInjectionTestExecutionListener, org.springframework.test.context.support.DirtiesContextTestExecutionListener, org.springframework.test.context.transaction.TransactionalTestExecutionListener, org.springframework.test.context.jdbc.SqlScriptsTestExecutionListener, org.springframework.test.context.event.EventPublishingTestExecutionListener]
2022-04-26 18:35:41,897 INFO org.springframework.test.context.support.AbstractTestContextBootstrapper [main] Using TestExecutionListeners: [org.springframework.test.context.web.ServletTestExecutionListener@7a1a3478, org.springframework.test.context.support.DirtiesContextBeforeModesTestExecutionListener@495b0487, org.springframework.test.context.event.ApplicationEventsTestExecutionListener@55dfcc6, org.springframework.boot.test.mock.mockito.MockitoTestExecutionListener@222eb8aa, org.springframework.boot.test.autoconfigure.SpringBootDependencyInjectionTestExecutionListener@93cf163, org.springframework.test.context.support.DirtiesContextTestExecutionListener@1852a3ff, org.springframework.test.context.event.EventPublishingTestExecutionListener@7203c7ff, org.springframework.boot.test.mock.mockito.ResetMocksTestExecutionListener@25bfcafd, org.springframework.boot.test.autoconfigure.restdocs.RestDocsTestExecutionListener@4b6690c0, org.springframework.boot.test.autoconfigure.web.client.MockRestServiceServerResetTestExecutionListener@46268f08, org.springframework.boot.test.autoconfigure.web.servlet.MockMvcPrintOnlyOnFailureTestExecutionListener@2a76840c, org.springframework.boot.test.autoconfigure.web.servlet.WebDriverTestExecutionListener@71454b9d, org.springframework.boot.test.autoconfigure.webservices.client.MockWebServiceServerTestExecutionListener@eda25e5]
2022-04-26 18:35:42,104 INFO org.springframework.boot.StartupInfoLogger [main] Starting DemoApplicationTests using Java 17.0.1 on worker01 with PID 2330757 (started by viswanth in /home/viswanth/Desktop/demo)
2022-04-26 18:35:42,105 INFO org.springframework.boot.SpringApplication [main] No active profile set, falling back to 1 default profile: "default"
2022-04-26 18:35:43,188 INFO org.springframework.boot.StartupInfoLogger [main] Started DemoApplicationTests in 1.266 seconds (JVM running for 2.024)
2022-04-26 18:35:55,831 INFO org.springframework.test.context.support.AbstractTestContextBootstrapper [main] Neither @ContextConfiguration nor @ContextHierarchy found for test class [com.example.demo.DemoApplicationTests], using SpringBootContextLoader
2022-04-26 18:35:55,836 INFO org.springframework.test.context.support.AbstractContextLoader [main] Could not detect default resource locations for test class [com.example.demo.DemoApplicationTests]: no resource found for suffixes {-context.xml, Context.groovy}.
2022-04-26 18:35:55,836 INFO org.springframework.test.context.support.AnnotationConfigContextLoaderUtils [main] Could not detect default configuration classes for test class [com.example.demo.DemoApplicationTests]: DemoApplicationTests does not declare any static, non-private, non-final, nested classes annotated with @Configuration.
2022-04-26 18:35:55,915 INFO org.springframework.boot.test.context.SpringBootTestContextBootstrapper [main] Found @SpringBootConfiguration com.example.demo.DemoApplication for test class com.example.demo.DemoApplicationTests
2022-04-26 18:35:55,978 INFO org.springframework.test.context.support.AbstractTestContextBootstrapper [main] Loaded default TestExecutionListener class names from location [META-INF/spring.factories]: [org.springframework.boot.test.mock.mockito.MockitoTestExecutionListener, org.springframework.boot.test.mock.mockito.ResetMocksTestExecutionListener, org.springframework.boot.test.autoconfigure.restdocs.RestDocsTestExecutionListener, org.springframework.boot.test.autoconfigure.web.client.MockRestServiceServerResetTestExecutionListener, org.springframework.boot.test.autoconfigure.web.servlet.MockMvcPrintOnlyOnFailureTestExecutionListener, org.springframework.boot.test.autoconfigure.web.servlet.WebDriverTestExecutionListener, org.springframework.boot.test.autoconfigure.webservices.client.MockWebServiceServerTestExecutionListener, org.springframework.test.context.web.ServletTestExecutionListener, org.springframework.test.context.support.DirtiesContextBeforeModesTestExecutionListener, org.springframework.test.context.event.ApplicationEventsTestExecutionListener, org.springframework.test.context.support.DependencyInjectionTestExecutionListener, org.springframework.test.context.support.DirtiesContextTestExecutionListener, org.springframework.test.context.transaction.TransactionalTestExecutionListener, org.springframework.test.context.jdbc.SqlScriptsTestExecutionListener, org.springframework.test.context.event.EventPublishingTestExecutionListener]
2022-04-26 18:35:55,985 INFO org.springframework.test.context.support.AbstractTestContextBootstrapper [main] Using TestExecutionListeners: [org.springframework.test.context.web.ServletTestExecutionListener@7a1a3478, org.springframework.test.context.support.DirtiesContextBeforeModesTestExecutionListener@495b0487, org.springframework.test.context.event.ApplicationEventsTestExecutionListener@55dfcc6, org.springframework.boot.test.mock.mockito.MockitoTestExecutionListener@222eb8aa, org.springframework.boot.test.autoconfigure.SpringBootDependencyInjectionTestExecutionListener@93cf163, org.springframework.test.context.support.DirtiesContextTestExecutionListener@1852a3ff, org.springframework.test.context.event.EventPublishingTestExecutionListener@7203c7ff, org.springframework.boot.test.mock.mockito.ResetMocksTestExecutionListener@25bfcafd, org.springframework.boot.test.autoconfigure.restdocs.RestDocsTestExecutionListener@4b6690c0, org.springframework.boot.test.autoconfigure.web.client.MockRestServiceServerResetTestExecutionListener@46268f08, org.springframework.boot.test.autoconfigure.web.servlet.MockMvcPrintOnlyOnFailureTestExecutionListener@2a76840c, org.springframework.boot.test.autoconfigure.web.servlet.WebDriverTestExecutionListener@71454b9d, org.springframework.boot.test.autoconfigure.webservices.client.MockWebServiceServerTestExecutionListener@eda25e5]
2022-04-26 18:35:56,185 INFO org.springframework.boot.StartupInfoLogger [main] Starting DemoApplicationTests using Java 17.0.1 on worker01 with PID 2331435 (started by viswanth in /home/viswanth/Desktop/demo)
2022-04-26 18:35:56,186 INFO org.springframework.boot.SpringApplication [main] No active profile set, falling back to 1 default profile: "default"
2022-04-26 18:35:57,332 INFO org.springframework.boot.StartupInfoLogger [main] Started DemoApplicationTests in 1.322 seconds (JVM running for 2.036)
2022-04-26 18:38:41,577 INFO org.springframework.boot.StartupInfoLogger [main] Starting DemoApplication using Java 17.0.1 on worker01 with PID 2336746 (/home/viswanth/Desktop/demo/target/classes started by viswanth in /home/viswanth/Desktop/demo)
2022-04-26 18:38:41,581 INFO org.springframework.boot.SpringApplication [main] No active profile set, falling back to 1 default profile: "default"
2022-04-26 18:38:42,361 INFO org.springframework.boot.web.embedded.tomcat.TomcatWebServer [main] Tomcat initialized with port(s): 8080 (http)
2022-04-26 18:38:42,368 INFO org.apache.juli.logging.DirectJDKLog [main] Initializing ProtocolHandler ["http-nio-8080"]
2022-04-26 18:38:42,369 INFO org.apache.juli.logging.DirectJDKLog [main] Starting service [Tomcat]
2022-04-26 18:38:42,369 INFO org.apache.juli.logging.DirectJDKLog [main] Starting Servlet engine: [Apache Tomcat/9.0.62]
2022-04-26 18:38:42,444 INFO org.apache.juli.logging.DirectJDKLog [main] Initializing Spring embedded WebApplicationContext
2022-04-26 18:38:42,444 INFO org.springframework.boot.web.servlet.context.ServletWebServerApplicationContext [main] Root WebApplicationContext: initialization completed in 815 ms
2022-04-26 18:38:42,769 INFO org.apache.juli.logging.DirectJDKLog [main] Starting ProtocolHandler ["http-nio-8080"]
2022-04-26 18:38:42,783 INFO org.springframework.boot.web.embedded.tomcat.TomcatWebServer [main] Tomcat started on port(s): 8080 (http) with context path ''
2022-04-26 18:38:42,794 INFO org.springframework.boot.StartupInfoLogger [main] Started DemoApplication in 1.528 seconds (JVM running for 1.91)
2022-04-26 18:41:56,823 INFO org.springframework.boot.StartupInfoLogger [main] Starting DemoApplication using Java 17.0.1 on worker01 with PID 2343258 (/home/viswanth/Desktop/demo/target/classes started by viswanth in /home/viswanth/Desktop/demo)
2022-04-26 18:41:56,826 INFO org.springframework.boot.SpringApplication [main] No active profile set, falling back to 1 default profile: "default"
2022-04-26 18:41:57,663 INFO org.springframework.boot.web.embedded.tomcat.TomcatWebServer [main] Tomcat initialized with port(s): 8080 (http)
2022-04-26 18:41:57,675 INFO org.apache.juli.logging.DirectJDKLog [main] Initializing ProtocolHandler ["http-nio-8080"]
2022-04-26 18:41:57,675 INFO org.apache.juli.logging.DirectJDKLog [main] Starting service [Tomcat]
2022-04-26 18:41:57,676 INFO org.apache.juli.logging.DirectJDKLog [main] Starting Servlet engine: [Apache Tomcat/9.0.62]
2022-04-26 18:41:57,756 INFO org.apache.juli.logging.DirectJDKLog [main] Initializing Spring embedded WebApplicationContext
2022-04-26 18:41:57,757 INFO org.springframework.boot.web.servlet.context.ServletWebServerApplicationContext [main] Root WebApplicationContext: initialization completed in 887 ms
2022-04-26 18:41:58,160 INFO org.apache.juli.logging.DirectJDKLog [main] Starting ProtocolHandler ["http-nio-8080"]
2022-04-26 18:41:58,182 INFO org.springframework.boot.web.embedded.tomcat.TomcatWebServer [main] Tomcat started on port(s): 8080 (http) with context path ''
2022-04-26 18:41:58,190 INFO org.springframework.boot.StartupInfoLogger [main] Started DemoApplication in 1.723 seconds (JVM running for 2.198)
2022-04-26 18:43:23,729 INFO org.springframework.boot.StartupInfoLogger [main] Starting DemoApplication using Java 17.0.1 on worker01 with PID 2345941 (/home/viswanth/Desktop/demo/target/classes started by viswanth in /home/viswanth/Desktop/demo)
2022-04-26 18:43:23,736 INFO org.springframework.boot.SpringApplication [main] No active profile set, falling back to 1 default profile: "default"
2022-04-26 18:43:24,613 INFO org.springframework.boot.web.embedded.tomcat.TomcatWebServer [main] Tomcat initialized with port(s): 8080 (http)
2022-04-26 18:43:24,621 INFO org.apache.juli.logging.DirectJDKLog [main] Initializing ProtocolHandler ["http-nio-8080"]
2022-04-26 18:43:24,622 INFO org.apache.juli.logging.DirectJDKLog [main] Starting service [Tomcat]
2022-04-26 18:43:24,623 INFO org.apache.juli.logging.DirectJDKLog [main] Starting Servlet engine: [Apache Tomcat/9.0.62]
2022-04-26 18:43:24,691 INFO org.apache.juli.logging.DirectJDKLog [main] Initializing Spring embedded WebApplicationContext
2022-04-26 18:43:24,691 INFO org.springframework.boot.web.servlet.context.ServletWebServerApplicationContext [main] Root WebApplicationContext: initialization completed in 853 ms
2022-04-26 18:43:24,968 INFO org.apache.juli.logging.DirectJDKLog [main] Starting ProtocolHandler ["http-nio-8080"]
2022-04-26 18:43:24,980 INFO org.springframework.boot.web.embedded.tomcat.TomcatWebServer [main] Tomcat started on port(s): 8080 (http) with context path ''
2022-04-26 18:43:24,991 INFO org.springframework.boot.StartupInfoLogger [main] Started DemoApplication in 1.626 seconds (JVM running for 2.112)
